<?xml version="1.0" encoding="UTF-8"?>
<testsuite name="ch.ase21.backend.service.NeighbourhoodServiceTest" tests="5" skipped="0" failures="0" errors="0" timestamp="2021-05-27T12:54:44" hostname="fv-az133-673" time="0.015">
  <properties/>
  <testcase name="calculateGreatRating()" classname="ch.ase21.backend.service.NeighbourhoodServiceTest" time="0.001"/>
  <testcase name="calculateScoreMissingAirbnbs()" classname="ch.ase21.backend.service.NeighbourhoodServiceTest" time="0.0"/>
  <testcase name="calculateScoreMissingSales()" classname="ch.ase21.backend.service.NeighbourhoodServiceTest" time="0.002"/>
  <testcase name="calculateBadRating()" classname="ch.ase21.backend.service.NeighbourhoodServiceTest" time="0.001"/>
  <testcase name="calculateAverageRating()" classname="ch.ase21.backend.service.NeighbourhoodServiceTest" time="0.002"/>
  <system-out><![CDATA[]]></system-out>
  <system-err><![CDATA[]]></system-err>
</testsuite>
