<?xml version="1.0" encoding="UTF-8"?>
<testsuite name="ch.ase21.backend.service.SaleServiceTests" tests="12" skipped="0" failures="0" errors="0" timestamp="2021-05-27T12:27:34" hostname="fv-az208-234" time="0.102">
  <properties/>
  <testcase name="calculateEstimatedSalePrice()" classname="ch.ase21.backend.service.SaleServiceTests" time="0.027"/>
  <testcase name="calculateEstimatedSalePriceNoArea()" classname="ch.ase21.backend.service.SaleServiceTests" time="0.001"/>
  <testcase name="calculateMissingValuesPropertyScore()" classname="ch.ase21.backend.service.SaleServiceTests" time="0.003"/>
  <testcase name="calculateBreakEvenMinimal()" classname="ch.ase21.backend.service.SaleServiceTests" time="0.001"/>
  <testcase name="calculateBadPropertyScore()" classname="ch.ase21.backend.service.SaleServiceTests" time="0.001"/>
  <testcase name="calculateAveragePropertyScore()" classname="ch.ase21.backend.service.SaleServiceTests" time="0.001"/>
  <testcase name="calculateEstimatedSalePriceNoNeighbors()" classname="ch.ase21.backend.service.SaleServiceTests" time="0.001"/>
  <testcase name="calculateGreatPropertyScore()" classname="ch.ase21.backend.service.SaleServiceTests" time="0.002"/>
  <testcase name="calculateBreakEvenFull()" classname="ch.ase21.backend.service.SaleServiceTests" time="0.001"/>
  <testcase name="[1] units=1, price=1000000, area=0" classname="ch.ase21.backend.service.SaleServiceTests" time="0.033"/>
  <testcase name="[2] units=1, price=0, area=1000" classname="ch.ase21.backend.service.SaleServiceTests" time="0.0"/>
  <testcase name="[3] units=0, price=1000000, area=1000" classname="ch.ase21.backend.service.SaleServiceTests" time="0.0"/>
  <system-out><![CDATA[]]></system-out>
  <system-err><![CDATA[]]></system-err>
</testsuite>
