<?xml version="1.0" encoding="UTF-8"?>
<testsuite name="ch.ase21.backend.service.AirbnbServiceTests" tests="4" skipped="0" failures="0" errors="0" timestamp="2021-05-28T08:58:24" hostname="iMac-Pro-von-David.local" time="0.003">
  <properties/>
  <testcase name="averageRevenuePerNightFullApartmentNoValid()" classname="ch.ase21.backend.service.AirbnbServiceTests" time="0.001"/>
  <testcase name="averageRevenuePerNight()" classname="ch.ase21.backend.service.AirbnbServiceTests" time="0.001"/>
  <testcase name="averageRevenuePerNightFullApartment()" classname="ch.ase21.backend.service.AirbnbServiceTests" time="0.0"/>
  <testcase name="averageRevenuePerNightNoProperties()" classname="ch.ase21.backend.service.AirbnbServiceTests" time="0.001"/>
  <system-out><![CDATA[]]></system-out>
  <system-err><![CDATA[]]></system-err>
</testsuite>
